[DEBUG] 18:47:39:286 client/(6511:6511): Hola Mundo
[DEBUG] 19:01:29:398 tp0/(6956:6956): Hola! Soy un log
[DEBUG] 19:04:44:215 tp0/(7056:7056): Hola! Soy un log
[DEBUG] 19:12:29:618 tp0/(7268:7268): Hola! Soy un log
[DEBUG] 19:12:33:873 tp0/(7268:7268): Hola
[DEBUG] 19:12:38:440 tp0/(7268:7268): Mundo
[DEBUG] 19:12:39:208 tp0/(7268:7268): 
[DEBUG] 19:12:40:353 tp0/(7268:7268): 
[DEBUG] 19:14:03:280 tp0/(7324:7324): Hola! Soy un log
[DEBUG] 19:14:09:860 tp0/(7324:7324): Hola
[DEBUG] 19:14:16:212 tp0/(7324:7324): Mundo
[DEBUG] 19:17:51:852 tp0/(7442:7442): Hola! Soy un log
[DEBUG] 19:17:55:917 tp0/(7442:7442): Hello
[DEBUG] 19:17:58:971 tp0/(7442:7442): World
[DEBUG] 19:18:43:308 tp0/(7482:7482): Hola! Soy un log
[DEBUG] 19:19:05:365 tp0/(7534:7534): Hola! Soy un log
[DEBUG] 20:10:05:009 tp0/(8828:8828): Hola! Soy un log
[DEBUG] 20:11:21:926 tp0/(8891:8891): Hola! Soy un log
[DEBUG] 20:12:09:352 tp0/(8930:8930): Hola! Soy un log
[DEBUG] 20:17:25:097 tp0/(9155:9155): Hola! Soy un log
[DEBUG] 20:21:39:757 tp0/(9334:9334): Hola! Soy un log
[DEBUG] 21:10:06:570 tp0/(5271:5271): Hola! Soy un log
[DEBUG] 21:14:57:174 tp0/(5487:5487): Hola! Soy un log
[DEBUG] 21:20:05:995 tp0/(5688:5688): Hola! Soy un log
[DEBUG] 22:24:08:543 tp0/(6906:6906): Hola! Soy un log
[DEBUG] 22:25:34:314 tp0/(6950:6950): Hola! Soy un log
[DEBUG] 22:36:41:547 tp0/(7128:7128): Hola! Soy un log
[DEBUG] 22:36:46:941 tp0/(7128:7128): hey
[DEBUG] 22:41:36:148 tp0/(7219:7219): Hola! Soy un log
[DEBUG] 22:43:53:803 tp0/(7283:7283): Hola! Soy un log
[DEBUG] 22:45:36:898 tp0/(7333:7333): Hola! Soy un log
[DEBUG] 22:49:27:900 tp0/(7404:7404): Hola! Soy un log
[DEBUG] 22:53:58:924 tp0/(7489:7489): Hola! Soy un log
[DEBUG] 22:56:03:502 tp0/(7555:7555): Hola! Soy un log
[DEBUG] 22:57:27:351 tp0/(7623:7623): Hola! Soy un log
[DEBUG] 22:59:40:166 tp0/(7725:7725): Hola! Soy un log
[DEBUG] 23:01:17:801 tp0/(7783:7783): Hola! Soy un log
[DEBUG] 23:03:11:222 tp0/(7838:7838): Hola! Soy un log
[DEBUG] 23:04:35:462 tp0/(7891:7891): Hola! Soy un log
[DEBUG] 23:06:03:469 tp0/(7967:7967): Hola! Soy un log
[DEBUG] 23:07:15:564 tp0/(8024:8024): Hola! Soy un log
[DEBUG] 23:11:07:583 tp0/(8142:8142): Hola! Soy un log
[DEBUG] 23:13:56:415 tp0/(8207:8207): Hola! Soy un log
[DEBUG] 23:34:57:060 tp0/(8511:8511): Hola! Soy un log
[DEBUG] 23:35:07:205 tp0/(8511:8511): Hola
[DEBUG] 23:35:09:900 tp0/(8511:8511): Mundo
[DEBUG] 23:38:52:525 tp0/(8607:8607): Hola! Soy un log
[DEBUG] 23:38:59:860 tp0/(8607:8607): Hola
[DEBUG] 23:39:02:037 tp0/(8607:8607): Mundo
[DEBUG] 23:39:44:704 tp0/(8651:8651): Hola! Soy un log
[DEBUG] 23:39:48:997 tp0/(8651:8651): Hola
[DEBUG] 23:39:50:869 tp0/(8651:8651): Mundo
